2025/04/26 04:43:58 DEBUG : rclone: Version "v1.53.3-DEV" starting with parameters ["rclone" "mount" "pimcore:" "./assets" "-vv"]
2025/04/26 04:43:58 DEBUG : Creating backend with remote "pimcore:"
2025/04/26 04:43:58 DEBUG : Using config file from "/home/vscode/.config/rclone/rclone.conf"
2025/04/26 04:43:58 INFO  : webdav root '': poll-interval is not supported by this remote
2025/04/26 04:43:58 NOTICE: webdav root '': --vfs-cache-mode writes or full is recommended for this remote as it can't stream
2025/04/26 04:43:58 DEBUG : webdav root '': Mounting on "./assets"
2025/04/26 04:43:58 DEBUG : : Root: 
2025/04/26 04:43:58 DEBUG : : >Root: node=/, err=<nil>
2025/04/26 05:01:33 DEBUG : /: ReadDirAll: 
2025/04/26 05:01:34 DEBUG : /: >ReadDirAll: item=6, err=<nil>
2025/04/26 05:01:39 DEBUG : /: ReadDirAll: 
2025/04/26 05:01:39 DEBUG : /: >ReadDirAll: item=6, err=<nil>
2025/04/26 05:01:39 DEBUG : /: Lookup: name="inspire"
2025/04/26 05:01:39 DEBUG : /: >Lookup: node=inspire/, err=<nil>
2025/04/26 05:01:39 DEBUG : inspire/: Attr: 
2025/04/26 05:01:39 DEBUG : inspire/: >Attr: attr=valid=1s ino=0 size=0 mode=drwxr-xr-x, err=<nil>
2025/04/26 05:01:39 DEBUG : /: Lookup: name="scenes"
2025/04/26 05:01:39 DEBUG : /: >Lookup: node=scenes/, err=<nil>
2025/04/26 05:01:39 DEBUG : scenes/: Attr: 
2025/04/26 05:01:39 DEBUG : scenes/: >Attr: attr=valid=1s ino=0 size=0 mode=drwxr-xr-x, err=<nil>
2025/04/26 05:01:39 DEBUG : inspire/: ReadDirAll: 
2025/04/26 05:01:39 DEBUG : /: Lookup: name="RDA"
2025/04/26 05:01:39 DEBUG : /: >Lookup: node=RDA/, err=<nil>
2025/04/26 05:01:39 DEBUG : RDA/: Attr: 
2025/04/26 05:01:39 DEBUG : RDA/: >Attr: attr=valid=1s ino=0 size=0 mode=drwxr-xr-x, err=<nil>
2025/04/26 05:01:39 DEBUG : scenes/: ReadDirAll: 
2025/04/26 05:01:39 DEBUG : RDA/: ReadDirAll: 
2025/04/26 05:01:39 DEBUG : /: ReadDirAll: 
2025/04/26 05:01:39 DEBUG : RDA/: >ReadDirAll: item=1, err=<nil>
2025/04/26 05:01:39 DEBUG : scenes/: >ReadDirAll: item=7, err=<nil>
2025/04/26 05:01:39 DEBUG : inspire/: >ReadDirAll: item=4, err=<nil>
2025/04/26 05:01:39 DEBUG : /: >ReadDirAll: item=6, err=<nil>
2025/04/26 05:01:39 DEBUG : inspire/: Lookup: name="videos"
2025/04/26 05:01:39 DEBUG : inspire/: >Lookup: node=inspire/videos/, err=<nil>
2025/04/26 05:01:39 DEBUG : inspire/videos/: Attr: 
2025/04/26 05:01:39 DEBUG : inspire/videos/: >Attr: attr=valid=1s ino=0 size=0 mode=drwxr-xr-x, err=<nil>
2025/04/26 05:01:39 DEBUG : scenes/: ReadDirAll: 
2025/04/26 05:01:39 DEBUG : scenes/: >ReadDirAll: item=7, err=<nil>
2025/04/26 05:01:39 DEBUG : inspire/: ReadDirAll: 
2025/04/26 05:01:39 DEBUG : inspire/: >ReadDirAll: item=4, err=<nil>
2025/04/26 05:01:39 DEBUG : RDA/: ReadDirAll: 
2025/04/26 05:01:39 DEBUG : RDA/: >ReadDirAll: item=1, err=<nil>
2025/04/26 05:01:39 DEBUG : inspire/videos/: ReadDirAll: 
2025/04/26 05:01:39 DEBUG : inspire/videos/: >ReadDirAll: item=0, err=<nil>
2025/04/26 05:01:39 DEBUG : inspire/videos/: ReadDirAll: 
2025/04/26 05:01:39 DEBUG : inspire/videos/: >ReadDirAll: item=0, err=<nil>
